[INFO][main.go:28]2019/10/14 10:14:44 [Actual pid is %d 12193]
[INFO][main.go:33]2019/10/14 10:14:47 [Server err: %v accept tcp [::]:8000: use of closed network connection]
[INFO][main.go:26]2019/10/14 10:18:27 [Actual pid is 13907]
[INFO][main.go:31]2019/10/14 10:18:31 [Server err:  accept tcp [::]:8000: use of closed network connection]
[INFO][main.go:26]2019/10/14 10:19:45 [Actual pid is 14458]
[INFO][main.go:31]2019/10/14 10:20:40 [Server err: accept tcp [::]:8000: use of closed network connection]
[INFO][main.go:26]2019/10/14 10:36:33 [Actual pid is 21771]
[WARN][upload.go:19]2019/10/14 10:47:06 [http: no such file]
[WARN][upload.go:19]2019/10/14 10:48:40 [http: no such file]
[WARN][upload.go:19]2019/10/14 10:53:06 [no multipart boundary param in Content-Type]
[WARN][upload.go:19]2019/10/14 10:53:17 [no multipart boundary param in Content-Type]
[WARN][upload.go:19]2019/10/14 10:53:29 [no multipart boundary param in Content-Type]
[WARN][upload.go:19]2019/10/14 10:54:20 [no multipart boundary param in Content-Type]
[INFO][main.go:31]2019/10/14 11:00:31 [Server err: accept tcp [::]:8000: use of closed network connection]
[INFO][main.go:26]2019/10/14 11:12:20 [Actual pid is 4009]
[INFO][main.go:31]2019/10/14 11:32:32 [Server err: accept tcp [::]:8000: use of closed network connection]
[INFO][main.go:26]2019/10/14 18:01:09 [Actual pid is 9343]
[INFO][main.go:31]2019/10/14 18:04:01 [Server err: accept tcp [::]:8000: use of closed network connection]
[INFO][main.go:26]2019/10/14 18:05:11 [Actual pid is 11007]
[INFO][main.go:31]2019/10/14 18:05:41 [Server err: accept tcp [::]:8000: use of closed network connection]
[INFO][main.go:26]2019/10/14 18:13:02 [Actual pid is 14134]
[INFO][main.go:31]2019/10/14 18:16:34 [Server err: accept tcp [::]:8000: use of closed network connection]
[INFO][main.go:26]2019/10/14 18:20:13 [Actual pid is 17206]
[INFO][main.go:31]2019/10/14 18:21:27 [Server err: accept tcp [::]:8000: use of closed network connection]
[INFO][main.go:26]2019/10/14 18:26:34 [Actual pid is 19913]
[INFO][main.go:31]2019/10/14 18:27:08 [Server err: accept tcp [::]:8000: use of closed network connection]
[INFO][main.go:26]2019/10/14 18:27:52 [Actual pid is 20572]
[INFO][main.go:31]2019/10/14 18:28:25 [Server err: accept tcp [::]:8000: use of closed network connection]
[INFO][main.go:26]2019/10/14 18:29:10 [Actual pid is 21252]
[INFO][main.go:31]2019/10/14 18:29:51 [Server err: accept tcp [::]:8000: use of closed network connection]
[INFO][main.go:26]2019/10/14 18:30:48 [Actual pid is 21951]
[INFO][main.go:31]2019/10/14 18:31:37 [Server err: accept tcp [::]:8000: use of closed network connection]
[INFO][main.go:26]2019/10/14 18:32:39 [Actual pid is 22690]
[INFO][main.go:31]2019/10/14 18:33:40 [Server err: accept tcp [::]:8000: use of closed network connection]
[INFO][main.go:26]2019/10/14 18:34:59 [Actual pid is 23792]
[INFO][main.go:31]2019/10/14 18:35:58 [Server err: accept tcp [::]:8000: use of closed network connection]
[INFO][main.go:30]2019/10/14 18:42:36 [Actual pid is 27044]
[INFO][main.go:35]2019/10/14 18:43:24 [Server err: accept tcp [::]:8000: use of closed network connection]
[INFO][main.go:36]2019/10/14 19:58:49 [Actual pid is 25227]
[INFO][auth.go:34]2019/10/14 19:59:36 [username: test]
[INFO][main.go:41]2019/10/15 09:23:34 [Server err: accept tcp [::]:8000: use of closed network connection]
