[INFO][main.go:36]2019/10/15 09:29:32 [Actual pid is 23965]
[INFO][auth.go:34]2019/10/15 09:29:55 [username: test]
[INFO][main.go:41]2019/10/15 09:30:51 [Server err: accept tcp [::]:8000: use of closed network connection]
[INFO][models.go:29]2019/10/15 11:09:26 [开始建立数据库连接]
[INFO][main.go:36]2019/10/15 11:09:26 [Actual pid is 31855]
[INFO][models.go:29]2019/10/15 11:14:05 [开始建立数据库连接]
[INFO][main.go:39]2019/10/15 11:14:05 [开始启动服务器，端口： 8000]
[INFO][main.go:42]2019/10/15 11:14:05 [Server err: net.Listen error: listen tcp :8000: bind: address already in use]
[INFO][main.go:41]2019/10/15 11:14:11 [Server err: accept tcp [::]:8000: use of closed network connection]
[INFO][models.go:29]2019/10/15 11:14:33 [开始建立数据库连接]
[INFO][main.go:39]2019/10/15 11:14:33 [开始启动服务器，端口： 8000]
[INFO][main.go:36]2019/10/15 11:14:33 [Actual pid is 1966]
[INFO][main.go:42]2019/10/15 11:15:28 [Server err: accept tcp [::]:8000: use of closed network connection]
[INFO][models.go:29]2019/10/15 11:16:09 [开始建立数据库连接]
[INFO][main.go:39]2019/10/15 11:16:09 [开始启动服务器，端口： 8000]
[INFO][main.go:36]2019/10/15 11:16:09 [Actual pid is 2576]
[INFO][models.go:29]2019/10/15 11:16:48 [开始建立数据库连接]
[INFO][main.go:39]2019/10/15 11:16:48 [开始启动服务器，端口： 8000]
[INFO][main.go:36]2019/10/15 11:16:48 [Actual pid is 2797]
[INFO][main.go:42]2019/10/15 11:16:48 [Server err: accept tcp [::]:8000: use of closed network connection]
[INFO][auth.go:34]2019/10/15 11:17:18 [username: test]
[INFO][auth.go:34]2019/10/15 11:17:37 [username: test]
[INFO][auth.go:34]2019/10/15 11:17:39 [username: test]
[INFO][auth.go:34]2019/10/15 11:17:40 [username: test]
[INFO][auth.go:34]2019/10/15 11:17:41 [username: test]
[INFO][auth.go:34]2019/10/15 11:19:49 [username: test]
[INFO][main.go:42]2019/10/15 11:23:55 [Server err: accept tcp [::]:8000: use of closed network connection]
